<?xml version="1.0" encoding="UTF-8"?>
<testsuite xmlns:xsi="http://www.w3.org/2001/XMLSchema-instance" xsi:noNamespaceSchemaLocation="https://maven.apache.org/surefire/maven-surefire-plugin/xsd/surefire-test-report-3.0.xsd" version="3.0" name="com.br.users.GreetingResourceTest" time="7.21" tests="1" errors="1" skipped="0" failures="0">
  <properties>
[...]
</properties>
  <testcase name="testHelloEndpoint" classname="com.br.users.GreetingResourceTest" time="0.099">
    <error message="java.lang.RuntimeException: io.quarkus.builder.BuildException: Build failure: Build failed due to errors&#10;	[error]: Build step io.quarkus.agroal.deployment.AgroalProcessor#build threw an exception: io.quarkus.runtime.configuration.ConfigurationException: Unable to find a JDBC driver corresponding to the database kind &apos;postgresql&apos; for the default datasource (available: &apos;&apos;). Check if it&apos;s a typo, otherwise provide a suitable JDBC driver extension, define the driver manually, or disable the JDBC datasource by adding &apos;quarkus.datasource.jdbc=false&apos; to your configuration if you don&apos;t need it.&#10;	at io.quarkus.agroal.deployment.AgroalProcessor.resolveDriver(AgroalProcessor.java:367)&#10;	at io.quarkus.agroal.deployment.AgroalProcessor.getAggregatedConfigBuildItems(AgroalProcessor.java:341)&#10;	at io.quarkus.agroal.deployment.AgroalProcessor.build(AgroalProcessor.java:100)&#10;	at java.base/jdk.internal.reflect.DirectMethodHandleAccessor.invoke(DirectMethodHandleAccessor.java:104)&#10;	at java.base/java.lang.reflect.Method.invoke(Method.java:578)&#10;	at io.quarkus.deployment.ExtensionLoader$3.execute(ExtensionLoader.java:849)&#10;	at io.quarkus.builder.BuildContext.run(BuildContext.java:282)&#10;	at org.jboss.threads.ContextHandler$1.runWith(ContextHandler.java:18)&#10;	at org.jboss.threads.EnhancedQueueExecutor$Task.run(EnhancedQueueExecutor.java:2513)&#10;	at org.jboss.threads.EnhancedQueueExecutor$ThreadBody.run(EnhancedQueueExecutor.java:1538)&#10;	at java.base/java.lang.Thread.run(Thread.java:1589)&#10;	at org.jboss.threads.JBossThread.run(JBossThread.java:501)&#10;" type="java.lang.RuntimeException"><![CDATA[java.lang.RuntimeException: 
java.lang.RuntimeException: io.quarkus.builder.BuildException: Build failure: Build failed due to errors
	[error]: Build step io.quarkus.agroal.deployment.AgroalProcessor#build threw an exception: io.quarkus.runtime.configuration.ConfigurationException: Unable to find a JDBC driver corresponding to the database kind 'postgresql' for the default datasource (available: ''). Check if it's a typo, otherwise provide a suitable JDBC driver extension, define the driver manually, or disable the JDBC datasource by adding 'quarkus.datasource.jdbc=false' to your configuration if you don't need it.
	at io.quarkus.agroal.deployment.AgroalProcessor.resolveDriver(AgroalProcessor.java:367)
	at io.quarkus.agroal.deployment.AgroalProcessor.getAggregatedConfigBuildItems(AgroalProcessor.java:341)
	at io.quarkus.agroal.deployment.AgroalProcessor.build(AgroalProcessor.java:100)
	at java.base/jdk.internal.reflect.DirectMethodHandleAccessor.invoke(DirectMethodHandleAccessor.java:104)
	at java.base/java.lang.reflect.Method.invoke(Method.java:578)
	at io.quarkus.deployment.ExtensionLoader$3.execute(ExtensionLoader.java:849)
	at io.quarkus.builder.BuildContext.run(BuildContext.java:282)
	at org.jboss.threads.ContextHandler$1.runWith(ContextHandler.java:18)
	at org.jboss.threads.EnhancedQueueExecutor$Task.run(EnhancedQueueExecutor.java:2513)
	at org.jboss.threads.EnhancedQueueExecutor$ThreadBody.run(EnhancedQueueExecutor.java:1538)
	at java.base/java.lang.Thread.run(Thread.java:1589)
	at org.jboss.threads.JBossThread.run(JBossThread.java:501)

	at io.quarkus.test.junit.QuarkusTestExtension.throwBootFailureException(QuarkusTestExtension.java:639)
	at io.quarkus.test.junit.QuarkusTestExtension.interceptTestClassConstructor(QuarkusTestExtension.java:723)
	at java.base/java.util.Optional.orElseGet(Optional.java:364)
	at java.base/java.util.ArrayList.forEach(ArrayList.java:1511)
	at java.base/java.util.ArrayList.forEach(ArrayList.java:1511)
Caused by: java.lang.RuntimeException: io.quarkus.builder.BuildException: Build failure: Build failed due to errors
	[error]: Build step io.quarkus.agroal.deployment.AgroalProcessor#build threw an exception: io.quarkus.runtime.configuration.ConfigurationException: Unable to find a JDBC driver corresponding to the database kind 'postgresql' for the default datasource (available: ''). Check if it's a typo, otherwise provide a suitable JDBC driver extension, define the driver manually, or disable the JDBC datasource by adding 'quarkus.datasource.jdbc=false' to your configuration if you don't need it.
	at io.quarkus.agroal.deployment.AgroalProcessor.resolveDriver(AgroalProcessor.java:367)
	at io.quarkus.agroal.deployment.AgroalProcessor.getAggregatedConfigBuildItems(AgroalProcessor.java:341)
	at io.quarkus.agroal.deployment.AgroalProcessor.build(AgroalProcessor.java:100)
	at java.base/jdk.internal.reflect.DirectMethodHandleAccessor.invoke(DirectMethodHandleAccessor.java:104)
	at java.base/java.lang.reflect.Method.invoke(Method.java:578)
	at io.quarkus.deployment.ExtensionLoader$3.execute(ExtensionLoader.java:849)
	at io.quarkus.builder.BuildContext.run(BuildContext.java:282)
	at org.jboss.threads.ContextHandler$1.runWith(ContextHandler.java:18)
	at org.jboss.threads.EnhancedQueueExecutor$Task.run(EnhancedQueueExecutor.java:2513)
	at org.jboss.threads.EnhancedQueueExecutor$ThreadBody.run(EnhancedQueueExecutor.java:1538)
	at java.base/java.lang.Thread.run(Thread.java:1589)
	at org.jboss.threads.JBossThread.run(JBossThread.java:501)

	at io.quarkus.runner.bootstrap.AugmentActionImpl.runAugment(AugmentActionImpl.java:336)
	at io.quarkus.runner.bootstrap.AugmentActionImpl.createInitialRuntimeApplication(AugmentActionImpl.java:253)
	at io.quarkus.runner.bootstrap.AugmentActionImpl.createInitialRuntimeApplication(AugmentActionImpl.java:60)
	at io.quarkus.test.junit.QuarkusTestExtension.doJavaStart(QuarkusTestExtension.java:223)
	at io.quarkus.test.junit.QuarkusTestExtension.ensureStarted(QuarkusTestExtension.java:606)
	at io.quarkus.test.junit.QuarkusTestExtension.beforeAll(QuarkusTestExtension.java:656)
	... 1 more
Caused by: io.quarkus.builder.BuildException: Build failure: Build failed due to errors
	[error]: Build step io.quarkus.agroal.deployment.AgroalProcessor#build threw an exception: io.quarkus.runtime.configuration.ConfigurationException: Unable to find a JDBC driver corresponding to the database kind 'postgresql' for the default datasource (available: ''). Check if it's a typo, otherwise provide a suitable JDBC driver extension, define the driver manually, or disable the JDBC datasource by adding 'quarkus.datasource.jdbc=false' to your configuration if you don't need it.
	at io.quarkus.agroal.deployment.AgroalProcessor.resolveDriver(AgroalProcessor.java:367)
	at io.quarkus.agroal.deployment.AgroalProcessor.getAggregatedConfigBuildItems(AgroalProcessor.java:341)
	at io.quarkus.agroal.deployment.AgroalProcessor.build(AgroalProcessor.java:100)
	at java.base/jdk.internal.reflect.DirectMethodHandleAccessor.invoke(DirectMethodHandleAccessor.java:104)
	at java.base/java.lang.reflect.Method.invoke(Method.java:578)
	at io.quarkus.deployment.ExtensionLoader$3.execute(ExtensionLoader.java:849)
	at io.quarkus.builder.BuildContext.run(BuildContext.java:282)
	at org.jboss.threads.ContextHandler$1.runWith(ContextHandler.java:18)
	at org.jboss.threads.EnhancedQueueExecutor$Task.run(EnhancedQueueExecutor.java:2513)
	at org.jboss.threads.EnhancedQueueExecutor$ThreadBody.run(EnhancedQueueExecutor.java:1538)
	at java.base/java.lang.Thread.run(Thread.java:1589)
	at org.jboss.threads.JBossThread.run(JBossThread.java:501)

	at io.quarkus.builder.Execution.run(Execution.java:123)
	at io.quarkus.builder.BuildExecutionBuilder.execute(BuildExecutionBuilder.java:79)
	at io.quarkus.deployment.QuarkusAugmentor.run(QuarkusAugmentor.java:160)
	at io.quarkus.runner.bootstrap.AugmentActionImpl.runAugment(AugmentActionImpl.java:332)
	... 6 more
Caused by: io.quarkus.runtime.configuration.ConfigurationException: Unable to find a JDBC driver corresponding to the database kind 'postgresql' for the default datasource (available: ''). Check if it's a typo, otherwise provide a suitable JDBC driver extension, define the driver manually, or disable the JDBC datasource by adding 'quarkus.datasource.jdbc=false' to your configuration if you don't need it.
	at io.quarkus.agroal.deployment.AgroalProcessor.resolveDriver(AgroalProcessor.java:367)
	at io.quarkus.agroal.deployment.AgroalProcessor.getAggregatedConfigBuildItems(AgroalProcessor.java:341)
	at io.quarkus.agroal.deployment.AgroalProcessor.build(AgroalProcessor.java:100)
	at java.base/java.lang.reflect.Method.invoke(Method.java:578)
	at io.quarkus.deployment.ExtensionLoader$3.execute(ExtensionLoader.java:849)
	at io.quarkus.builder.BuildContext.run(BuildContext.java:282)
	at org.jboss.threads.ContextHandler$1.runWith(ContextHandler.java:18)
	at org.jboss.threads.EnhancedQueueExecutor$Task.run(EnhancedQueueExecutor.java:2513)
	at org.jboss.threads.EnhancedQueueExecutor$ThreadBody.run(EnhancedQueueExecutor.java:1538)
	at java.base/java.lang.Thread.run(Thread.java:1589)
	at org.jboss.threads.JBossThread.run(JBossThread.java:501)
]]></error>
  </testcase>
</testsuite>